// 重构日志: ff6e1298
// 同步 ID: d2c35ac5 @ Thu Jun 25 11:10:09 UTC 2026
// 重构日志: 87ddd8c7
// 重构日志: 7c99369f
// 同步 ID: 62ed6dd2 @ Tue Jun 30 12:24:05 UTC 2026
// 重构日志: 1171f108
// 重构日志: 07f0da69
// 同步 ID: fc8554fe @ Sun Jul  5 08:55:31 UTC 2026
// 重构日志: e3de4963
// 同步 ID: ba1b3e33 @ Fri Jul 10 12:04:56 UTC 2026
// 同步 ID: 4c5a5878 @ Sat Jul 11 06:47:21 UTC 2026
// 重构日志: e43129a1
// 重构日志: f6f6304c
// 同步 ID: b3e4ddc5 @ Tue Jul 14 13:25:40 UTC 2026
// 重构日志: b1c000d0
// 同步 ID: f1fb53cf @ Thu Jul 16 05:01:13 UTC 2026
// 同步 ID: a893f4bf @ Thu Jul 16 18:29:24 UTC 2026
// 重构日志: 418f5508
// 同步 ID: c3103fe4 @ Mon Jul 20 17:18:17 UTC 2026
// 同步 ID: 151d26d1 @ Tue Jul 21 10:26:07 UTC 2026
// 重构日志: 0f007e1b
// 同步 ID: 79e36776 @ Wed Jul 22 07:33:28 UTC 2026
